\BOOKMARK [1][-]{section.1}{Introduction}{}% 1
\BOOKMARK [2][-]{subsection.1.1}{Objectifs}{section.1}% 2
\BOOKMARK [2][-]{subsection.1.2}{Sp\351cifications sans les interruptions}{section.1}% 3
\BOOKMARK [1][-]{section.2}{Analyse}{}% 4
\BOOKMARK [2][-]{subsection.2.1}{Partie 1}{section.2}% 5
\BOOKMARK [2][-]{subsection.2.2}{Partie 2}{section.2}% 6
\BOOKMARK [2][-]{subsection.2.3}{Adress Map finale}{section.2}% 7
\BOOKMARK [1][-]{section.3}{R\351alisation et impl\351mentation}{}% 8
\BOOKMARK [2][-]{subsection.3.1}{Cr\351ation de l'IP axi lite}{section.3}% 9
\BOOKMARK [2][-]{subsection.3.2}{Ajout de l'IP dans Qsys}{section.3}% 10
\BOOKMARK [2][-]{subsection.3.3}{Actions dans le projet Qsys}{section.3}% 11
\BOOKMARK [2][-]{subsection.3.4}{Impl\351mentation dans le fichier top du projet}{section.3}% 12
\BOOKMARK [2][-]{subsection.3.5}{Code C}{section.3}% 13
\BOOKMARK [1][-]{section.4}{Simulation et tests}{}% 14
\BOOKMARK [2][-]{subsection.4.1}{Contr\364le des timings}{section.4}% 15
\BOOKMARK [2][-]{subsection.4.2}{Test du strobe}{section.4}% 16
\BOOKMARK [2][-]{subsection.4.3}{Probl\350mes rencontr\351s}{section.4}% 17
\BOOKMARK [2][-]{subsection.4.4}{Tests sur board}{section.4}% 18
\BOOKMARK [1][-]{section.5}{Conclusion}{}% 19
\BOOKMARK [1][-]{section.6}{Signatures}{}% 20
